Using pre-set license
Built from '2020.3/staging' branch; Version is '2020.3.0f1 (c7b5465681fb) revision 13088070'; Using compiler version '192528614'; Build Type 'Release'
OS: 'Windows 8.1  (6.3.0) 64bit' Language: 'ru' Physical Memory: 16331 MB
BatchMode: 1, IsHumanControllingUs: 0, StartBugReporterOnCrash: 0, Is64bit: 1, IsPro: 0

 COMMAND LINE ARGUMENTS:
G:\Unityy\2020.3.0f1\Editor\Unity.exe
-adb2
-batchMode
-noUpm
-name
AssetImportWorker0
-projectPath
G:/Games/my game/GAMES/7_TanksOnline/Develop/TanksOnline
-logFile
Logs/AssetImportWorker0.log
-srvPort
60480
Successfully changed project path to: G:/Games/my game/GAMES/7_TanksOnline/Develop/TanksOnline
G:/Games/my game/GAMES/7_TanksOnline/Develop/TanksOnline
Using Asset Import Pipeline V2.
Refreshing native plugins compatible for Editor in 72.99 ms, found 0 plugins.
Preloading 0 native plugins for Editor in 0.00 ms.
Initialize engine version: 2020.3.0f1 (c7b5465681fb)
[Subsystems] Discovering subsystems at path G:/Unityy/2020.3.0f1/Editor/Data/Resources/UnitySubsystems
[Subsystems] Discovering subsystems at path G:/Games/my game/GAMES/7_TanksOnline/Develop/TanksOnline/Assets
GfxDevice: creating device client; threaded=0
d3d11: QueryInterface(IDXGIFactory5) failed (80004002).
Direct3D:
    Version:  Direct3D 11.0 [level 11.0]
    Renderer: NVIDIA GeForce GTX 650 Ti BOOST (ID=0x11c2)
    Vendor:   
    VRAM:     1970 MB
    Driver:   30.0.14.7212
Initialize mono
Mono path[0] = 'G:/Unityy/2020.3.0f1/Editor/Data/Managed'
Mono path[1] = 'G:/Unityy/2020.3.0f1/Editor/Data/MonoBleedingEdge/lib/mono/unityjit'
Mono config path = 'G:/Unityy/2020.3.0f1/Editor/Data/MonoBleedingEdge/etc'
Using monoOptions --debugger-agent=transport=dt_socket,embedding=1,server=y,suspend=n,address=127.0.0.1:56216
Begin MonoManager ReloadAssembly
Registering precompiled unity dll's ...
Register platform support module: G:/Unityy/2020.3.0f1/Editor/Data/PlaybackEngines/WebGLSupport/UnityEditor.WebGL.Extensions.dll
Register platform support module: G:/Unityy/2020.3.0f1/Editor/Data/PlaybackEngines/WindowsStandaloneSupport/UnityEditor.WindowsStandalone.Extensions.dll
Registered in 0.003460 seconds.
Native extension for WindowsStandalone target not found
Native extension for WebGL target not found
Refreshing native plugins compatible for Editor in 80.11 ms, found 0 plugins.
Preloading 0 native plugins for Editor in 0.00 ms.
Invoked RoslynAnalysisRunner static constructor.
RoslynAnalysisRunner will not be running.
RoslynAnalysisRunner has terminated.
Mono: successfully reloaded assembly
- Completed reload, in  4.128 seconds
Platform modules already initialized, skipping
Registering precompiled user dll's ...
Registered in 0.001344 seconds.
Begin MonoManager ReloadAssembly
Native extension for WindowsStandalone target not found
Native extension for WebGL target not found
Refreshing native plugins compatible for Editor in 1.14 ms, found 0 plugins.
Preloading 0 native plugins for Editor in 0.00 ms.
Invoked RoslynAnalysisRunner static constructor.
RoslynAnalysisRunner will not be running.
RoslynAnalysisRunner has terminated.
Mono: successfully reloaded assembly
- Completed reload, in  2.871 seconds
Platform modules already initialized, skipping
========================================================================
Worker process is ready to serve import requests
Launched and connected shader compiler UnityShaderCompiler.exe after 0.05 seconds
Refreshing native plugins compatible for Editor in 0.49 ms, found 0 plugins.
Preloading 0 native plugins for Editor in 0.00 ms.
Unloading 1212 Unused Serialized files (Serialized files now loaded: 0)
System memory in use before: 79.7 MB.
System memory in use after: 79.7 MB.

Unloading 14 unused Assets to reduce memory usage. Loaded Objects now: 1681.
Total: 4.219167 ms (FindLiveObjects: 0.414720 ms CreateObjectMapping: 0.102116 ms MarkObjects: 3.478758 ms  DeleteObjects: 0.221013 ms)

========================================================================
Received Import Request.
  path: Assets/Scripts/Tanks/Player/PlayerControler.cs
  artifactKey: Guid(2b55b26d728288c49aa08519127221bb) Importer(815301076,1909f56bfc062723c751e8b465ee728b)
Start importing Assets/Scripts/Tanks/Player/PlayerControler.cs using Guid(2b55b26d728288c49aa08519127221bb) Importer(815301076,1909f56bfc062723c751e8b465ee728b)  -> (artifact id: 'a6d1304d673d494ac9dc6b7d07ba58cd') in 0.085061 seconds
  Import took 0.089102 seconds .

========================================================================
Received Prepare
Refreshing native plugins compatible for Editor in 1.35 ms, found 0 plugins.
Preloading 0 native plugins for Editor in 0.00 ms.
Unloading 3 Unused Serialized files (Serialized files now loaded: 0)
System memory in use before: 55.6 MB.
System memory in use after: 55.7 MB.

Unloading 3 unused Assets to reduce memory usage. Loaded Objects now: 1681.
Total: 3.978242 ms (FindLiveObjects: 0.356125 ms CreateObjectMapping: 0.095573 ms MarkObjects: 3.390011 ms  DeleteObjects: 0.134258 ms)

========================================================================
Received Import Request.
  Time since last request: 70.751469 seconds.
  path: Assets/Scenes/MainMenu/Menu.unity
  artifactKey: Guid(e8980538bd45d884fa2a6cb5bb1c2b93) Importer(815301076,1909f56bfc062723c751e8b465ee728b)
Start importing Assets/Scenes/MainMenu/Menu.unity using Guid(e8980538bd45d884fa2a6cb5bb1c2b93) Importer(815301076,1909f56bfc062723c751e8b465ee728b)  -> (artifact id: '411ec11c6cbce64448181757e99c672c') in 0.027449 seconds
  Import took 0.032294 seconds .

========================================================================
Received Import Request.
  Time since last request: 0.000997 seconds.
  path: Assets/Scenes/MainMenu/Menu.unity
  artifactKey: Guid(e8980538bd45d884fa2a6cb5bb1c2b93) Importer(815301076,1909f56bfc062723c751e8b465ee728b)
Start importing Assets/Scenes/MainMenu/Menu.unity using Guid(e8980538bd45d884fa2a6cb5bb1c2b93) Importer(815301076,1909f56bfc062723c751e8b465ee728b)  -> (artifact id: '411ec11c6cbce64448181757e99c672c') in 0.002736 seconds
  Import took 0.006813 seconds .

========================================================================
Received Prepare
Refreshing native plugins compatible for Editor in 1.23 ms, found 0 plugins.
Preloading 0 native plugins for Editor in 0.00 ms.
Unloading 3 Unused Serialized files (Serialized files now loaded: 0)
System memory in use before: 55.6 MB.
System memory in use after: 55.7 MB.

Unloading 3 unused Assets to reduce memory usage. Loaded Objects now: 1681.
Total: 4.687932 ms (FindLiveObjects: 0.359254 ms CreateObjectMapping: 0.093298 ms MarkObjects: 4.109371 ms  DeleteObjects: 0.123733 ms)

AssetImportWorkerClient::OnTransportError - code=2 error=End of file
